<?xml version="1.0" encoding="UTF-8"?>
<testsuite name="com.evisions.AddAndSubtractTest" tests="1" skipped="0" failures="0" errors="0" timestamp="2017-07-12T16:12:29" hostname="SNA20662.local" time="0.004">
  <properties/>
  <testcase name="combine_add_and_subtract" classname="com.evisions.AddAndSubtractTest" time="0.004"/>
  <system-out><![CDATA[]]></system-out>
  <system-err><![CDATA[]]></system-err>
</testsuite>
