<?xml version="1.0" encoding="UTF-8"?>
<testsuite name="com.evisions.AddDoubleAndSubtractTest" tests="1" skipped="0" failures="0" errors="0" timestamp="2017-07-12T16:12:29" hostname="SNA20662.local" time="0.0">
  <properties/>
  <testcase name="double_addition_with_subtraction" classname="com.evisions.AddDoubleAndSubtractTest" time="0.0"/>
  <system-out><![CDATA[]]></system-out>
  <system-err><![CDATA[]]></system-err>
</testsuite>
