<?xml version="1.0" encoding="UTF-8"?>
<testsuite name="com.evisions.CodecovdemoApplicationTests" tests="1" skipped="0" failures="0" errors="0" timestamp="2017-07-10T18:04:27" hostname="SNA20662.local" time="0.295">
  <properties/>
  <testcase name="contextLoads" classname="com.evisions.CodecovdemoApplicationTests" time="0.295"/>
  <system-out><![CDATA[11:04:26.560 [Test worker] DEBUG org.springframework.test.context.junit4.SpringJUnit4ClassRunner - SpringJUnit4ClassRunner constructor called with [class com.evisions.CodecovdemoApplicationTests]
11:04:26.567 [Test worker] DEBUG org.springframework.test.context.BootstrapUtils - Instantiating CacheAwareContextLoaderDelegate from class [org.springframework.test.context.cache.DefaultCacheAwareContextLoaderDelegate]
11:04:26.580 [Test worker] DEBUG org.springframework.test.context.BootstrapUtils - Instantiating BootstrapContext using constructor [public org.springframework.test.context.support.DefaultBootstrapContext(java.lang.Class,org.springframework.test.context.CacheAwareContextLoaderDelegate)]
11:04:26.606 [Test worker] DEBUG org.springframework.test.context.BootstrapUtils - Instantiating TestContextBootstrapper for test class [com.evisions.CodecovdemoApplicationTests] from class [org.springframework.boot.test.context.SpringBootTestContextBootstrapper]
11:04:26.620 [Test worker] INFO org.springframework.boot.test.context.SpringBootTestContextBootstrapper - Neither @ContextConfiguration nor @ContextHierarchy found for test class [com.evisions.CodecovdemoApplicationTests], using SpringBootContextLoader
11:04:26.624 [Test worker] DEBUG org.springframework.test.context.support.AbstractContextLoader - Did not detect default resource location for test class [com.evisions.CodecovdemoApplicationTests]: class path resource [com/evisions/CodecovdemoApplicationTests-context.xml] does not exist
11:04:26.624 [Test worker] DEBUG org.springframework.test.context.support.AbstractContextLoader - Did not detect default resource location for test class [com.evisions.CodecovdemoApplicationTests]: class path resource [com/evisions/CodecovdemoApplicationTestsContext.groovy] does not exist
11:04:26.625 [Test worker] INFO org.springframework.test.context.support.AbstractContextLoader - Could not detect default resource locations for test class [com.evisions.CodecovdemoApplicationTests]: no resource found for suffixes {-context.xml, Context.groovy}.
11:04:26.625 [Test worker] INFO org.springframework.test.context.support.AnnotationConfigContextLoaderUtils - Could not detect default configuration classes for test class [com.evisions.CodecovdemoApplicationTests]: CodecovdemoApplicationTests does not declare any static, non-private, non-final, nested classes annotated with @Configuration.
11:04:26.660 [Test worker] DEBUG org.springframework.test.context.support.ActiveProfilesUtils - Could not find an 'annotation declaring class' for annotation type [org.springframework.test.context.ActiveProfiles] and class [com.evisions.CodecovdemoApplicationTests]
11:04:26.670 [Test worker] DEBUG org.springframework.core.env.StandardEnvironment - Adding [systemProperties] PropertySource with lowest search precedence
11:04:26.670 [Test worker] DEBUG org.springframework.core.env.StandardEnvironment - Adding [systemEnvironment] PropertySource with lowest search precedence
11:04:26.670 [Test worker] DEBUG org.springframework.core.env.StandardEnvironment - Initialized StandardEnvironment with PropertySources [systemProperties,systemEnvironment]
11:04:26.682 [Test worker] DEBUG org.springframework.core.io.support.PathMatchingResourcePatternResolver - Resolved classpath location [com/evisions/] to resources [URL [file:/Users/gabe.clark/Practice/codecovdemo/build/classes/test/com/evisions/], URL [file:/Users/gabe.clark/Practice/codecovdemo/build/classes/main/com/evisions/]]
11:04:26.683 [Test worker] DEBUG org.springframework.core.io.support.PathMatchingResourcePatternResolver - Looking for matching resources in directory tree [/Users/gabe.clark/Practice/codecovdemo/build/classes/test/com/evisions]
11:04:26.683 [Test worker] DEBUG org.springframework.core.io.support.PathMatchingResourcePatternResolver - Searching directory [/Users/gabe.clark/Practice/codecovdemo/build/classes/test/com/evisions] for files matching pattern [/Users/gabe.clark/Practice/codecovdemo/build/classes/test/com/evisions/*.class]
11:04:26.686 [Test worker] DEBUG org.springframework.core.io.support.PathMatchingResourcePatternResolver - Looking for matching resources in directory tree [/Users/gabe.clark/Practice/codecovdemo/build/classes/main/com/evisions]
11:04:26.686 [Test worker] DEBUG org.springframework.core.io.support.PathMatchingResourcePatternResolver - Searching directory [/Users/gabe.clark/Practice/codecovdemo/build/classes/main/com/evisions] for files matching pattern [/Users/gabe.clark/Practice/codecovdemo/build/classes/main/com/evisions/*.class]
11:04:26.686 [Test worker] DEBUG org.springframework.core.io.support.PathMatchingResourcePatternResolver - Resolved location pattern [classpath*:com/evisions/*.class] to resources [file [/Users/gabe.clark/Practice/codecovdemo/build/classes/test/com/evisions/AdderTest.class], file [/Users/gabe.clark/Practice/codecovdemo/build/classes/test/com/evisions/CodecovdemoApplicationTests.class], file [/Users/gabe.clark/Practice/codecovdemo/build/classes/test/com/evisions/SubtractorTest.class], file [/Users/gabe.clark/Practice/codecovdemo/build/classes/main/com/evisions/Adder.class], file [/Users/gabe.clark/Practice/codecovdemo/build/classes/main/com/evisions/CodecovdemoApplication.class], file [/Users/gabe.clark/Practice/codecovdemo/build/classes/main/com/evisions/Subtractor.class]]
11:04:26.743 [Test worker] DEBUG org.springframework.context.annotation.ClassPathScanningCandidateComponentProvider - Identified candidate component class: file [/Users/gabe.clark/Practice/codecovdemo/build/classes/main/com/evisions/CodecovdemoApplication.class]
11:04:26.744 [Test worker] INFO org.springframework.boot.test.context.SpringBootTestContextBootstrapper - Found @SpringBootConfiguration com.evisions.CodecovdemoApplication for test class com.evisions.CodecovdemoApplicationTests
11:04:26.746 [Test worker] DEBUG org.springframework.boot.test.context.SpringBootTestContextBootstrapper - @TestExecutionListeners is not present for class [com.evisions.CodecovdemoApplicationTests]: using defaults.
11:04:26.749 [Test worker] INFO org.springframework.boot.test.context.SpringBootTestContextBootstrapper - Loaded default TestExecutionListener class names from location [META-INF/spring.factories]: [org.springframework.boot.test.mock.mockito.MockitoTestExecutionListener, org.springframework.boot.test.mock.mockito.ResetMocksTestExecutionListener, org.springframework.boot.test.autoconfigure.restdocs.RestDocsTestExecutionListener, org.springframework.boot.test.autoconfigure.web.client.MockRestServiceServerResetTestExecutionListener, org.springframework.boot.test.autoconfigure.web.servlet.MockMvcPrintOnlyOnFailureTestExecutionListener, org.springframework.boot.test.autoconfigure.web.servlet.WebDriverTestExecutionListener, org.springframework.test.context.web.ServletTestExecutionListener, org.springframework.test.context.support.DirtiesContextBeforeModesTestExecutionListener, org.springframework.test.context.support.DependencyInjectionTestExecutionListener, org.springframework.test.context.support.DirtiesContextTestExecutionListener, org.springframework.test.context.transaction.TransactionalTestExecutionListener, org.springframework.test.context.jdbc.SqlScriptsTestExecutionListener]
11:04:26.760 [Test worker] INFO org.springframework.boot.test.context.SpringBootTestContextBootstrapper - Could not instantiate TestExecutionListener [org.springframework.test.context.jdbc.SqlScriptsTestExecutionListener]. Specify custom listener classes or make the default listener classes (and their required dependencies) available. Offending class: [org/springframework/transaction/interceptor/TransactionAttribute]
11:04:26.761 [Test worker] INFO org.springframework.boot.test.context.SpringBootTestContextBootstrapper - Could not instantiate TestExecutionListener [org.springframework.test.context.transaction.TransactionalTestExecutionListener]. Specify custom listener classes or make the default listener classes (and their required dependencies) available. Offending class: [org/springframework/transaction/interceptor/TransactionAttributeSource]
11:04:26.762 [Test worker] INFO org.springframework.boot.test.context.SpringBootTestContextBootstrapper - Could not instantiate TestExecutionListener [org.springframework.test.context.web.ServletTestExecutionListener]. Specify custom listener classes or make the default listener classes (and their required dependencies) available. Offending class: [javax/servlet/ServletContext]
11:04:26.763 [Test worker] INFO org.springframework.boot.test.context.SpringBootTestContextBootstrapper - Using TestExecutionListeners: [org.springframework.test.context.support.DirtiesContextBeforeModesTestExecutionListener@393cd8ce, org.springframework.boot.test.autoconfigure.SpringBootDependencyInjectionTestExecutionListener@71ea5574, org.springframework.test.context.support.DirtiesContextTestExecutionListener@24343731, org.springframework.boot.test.mock.mockito.ResetMocksTestExecutionListener@449558b, org.springframework.boot.test.autoconfigure.restdocs.RestDocsTestExecutionListener@5b6c1764, org.springframework.boot.test.mock.mockito.MockitoTestExecutionListener@780ea888, org.springframework.boot.test.autoconfigure.web.client.MockRestServiceServerResetTestExecutionListener@7d869507, org.springframework.boot.test.autoconfigure.web.servlet.MockMvcPrintOnlyOnFailureTestExecutionListener@33ad7231, org.springframework.boot.test.autoconfigure.web.servlet.WebDriverTestExecutionListener@8418417]
11:04:26.765 [Test worker] DEBUG org.springframework.test.annotation.ProfileValueUtils - Retrieved @ProfileValueSourceConfiguration [null] for test class [com.evisions.CodecovdemoApplicationTests]
11:04:26.765 [Test worker] DEBUG org.springframework.test.annotation.ProfileValueUtils - Retrieved ProfileValueSource type [class org.springframework.test.annotation.SystemProfileValueSource] for class [com.evisions.CodecovdemoApplicationTests]
11:04:26.766 [Test worker] DEBUG org.springframework.test.annotation.ProfileValueUtils - Retrieved @ProfileValueSourceConfiguration [null] for test class [com.evisions.CodecovdemoApplicationTests]
11:04:26.766 [Test worker] DEBUG org.springframework.test.annotation.ProfileValueUtils - Retrieved ProfileValueSource type [class org.springframework.test.annotation.SystemProfileValueSource] for class [com.evisions.CodecovdemoApplicationTests]
11:04:26.769 [Test worker] DEBUG org.springframework.test.context.support.AbstractDirtiesContextTestExecutionListener - Before test class: context [DefaultTestContext@4147e4e4 testClass = CodecovdemoApplicationTests, testInstance = [null], testMethod = [null], testException = [null], mergedContextConfiguration = [MergedContextConfiguration@23703087 testClass = CodecovdemoApplicationTests, locations = '{}', classes = '{class com.evisions.CodecovdemoApplication}', contextInitializerClasses = '[]', activeProfiles = '{}', propertySourceLocations = '{}', propertySourceProperties = '{org.springframework.boot.test.context.SpringBootTestContextBootstrapper=true}', contextCustomizers = set[org.springframework.boot.test.context.SpringBootTestContextCustomizer@3f6e68ef, org.springframework.boot.test.context.filter.ExcludeFilterContextCustomizer@57dab4e3, org.springframework.boot.test.json.DuplicateJsonObjectContextCustomizerFactory$DuplicateJsonObjectContextCustomizer@7459e57f, org.springframework.boot.test.mock.mockito.MockitoContextCustomizer@0, org.springframework.boot.test.autoconfigure.properties.PropertyMappingContextCustomizer@0, org.springframework.boot.test.autoconfigure.web.servlet.WebDriverContextCustomizerFactory$Customizer@153355ed], contextLoader = 'org.springframework.boot.test.context.SpringBootContextLoader', parent = [null]]], class annotated with @DirtiesContext [false] with mode [null].
11:04:26.770 [Test worker] DEBUG org.springframework.test.annotation.ProfileValueUtils - Retrieved @ProfileValueSourceConfiguration [null] for test class [com.evisions.CodecovdemoApplicationTests]
11:04:26.770 [Test worker] DEBUG org.springframework.test.annotation.ProfileValueUtils - Retrieved ProfileValueSource type [class org.springframework.test.annotation.SystemProfileValueSource] for class [com.evisions.CodecovdemoApplicationTests]
11:04:26.771 [Test worker] DEBUG org.springframework.test.context.support.DependencyInjectionTestExecutionListener - Performing dependency injection for test context [[DefaultTestContext@4147e4e4 testClass = CodecovdemoApplicationTests, testInstance = com.evisions.CodecovdemoApplicationTests@dc02cd7, testMethod = [null], testException = [null], mergedContextConfiguration = [MergedContextConfiguration@23703087 testClass = CodecovdemoApplicationTests, locations = '{}', classes = '{class com.evisions.CodecovdemoApplication}', contextInitializerClasses = '[]', activeProfiles = '{}', propertySourceLocations = '{}', propertySourceProperties = '{org.springframework.boot.test.context.SpringBootTestContextBootstrapper=true}', contextCustomizers = set[org.springframework.boot.test.context.SpringBootTestContextCustomizer@3f6e68ef, org.springframework.boot.test.context.filter.ExcludeFilterContextCustomizer@57dab4e3, org.springframework.boot.test.json.DuplicateJsonObjectContextCustomizerFactory$DuplicateJsonObjectContextCustomizer@7459e57f, org.springframework.boot.test.mock.mockito.MockitoContextCustomizer@0, org.springframework.boot.test.autoconfigure.properties.PropertyMappingContextCustomizer@0, org.springframework.boot.test.autoconfigure.web.servlet.WebDriverContextCustomizerFactory$Customizer@153355ed], contextLoader = 'org.springframework.boot.test.context.SpringBootContextLoader', parent = [null]]]].
11:04:26.839 [Test worker] DEBUG org.springframework.core.env.StandardEnvironment - Adding [systemProperties] PropertySource with lowest search precedence
11:04:26.839 [Test worker] DEBUG org.springframework.core.env.StandardEnvironment - Adding [systemEnvironment] PropertySource with lowest search precedence
11:04:26.839 [Test worker] DEBUG org.springframework.core.env.StandardEnvironment - Initialized StandardEnvironment with PropertySources [systemProperties,systemEnvironment]
11:04:26.841 [Test worker] DEBUG org.springframework.core.env.MutablePropertySources - Adding [inline] PropertySource with highest search precedence
11:04:26.846 [Test worker] DEBUG org.springframework.test.context.support.TestPropertySourceUtils - Adding inlined properties to environment: {spring.jmx.enabled=false, org.springframework.boot.test.context.SpringBootTestContextBootstrapper=true, server.port=-1}
11:04:26.847 [Test worker] DEBUG org.springframework.core.env.StandardEnvironment - Adding [Inlined Test Properties] PropertySource with highest search precedence

  .   ____          _            __ _ _
 /\\ / ___'_ __ _ _(_)_ __  __ _ \ \ \ \
( ( )\___ | '_ | '_| | '_ \/ _` | \ \ \ \
 \\/  ___)| |_)| | | | | || (_| |  ) ) ) )
  '  |____| .__|_| |_|_| |_\__, | / / / /
 =========|_|==============|___/=/_/_/_/
 :: Spring Boot ::        (v1.5.4.RELEASE)

2017-07-10 11:04:27.118  INFO 45615 --- [    Test worker] c.evisions.CodecovdemoApplicationTests   : Starting CodecovdemoApplicationTests on SNA20662.local with PID 45615 (started by gabe.clark in /Users/gabe.clark/Practice/codecovdemo)
2017-07-10 11:04:27.119  INFO 45615 --- [    Test worker] c.evisions.CodecovdemoApplicationTests   : No active profile set, falling back to default profiles: default
2017-07-10 11:04:27.145  INFO 45615 --- [    Test worker] s.c.a.AnnotationConfigApplicationContext : Refreshing org.springframework.context.annotation.AnnotationConfigApplicationContext@54748563: startup date [Mon Jul 10 11:04:27 PDT 2017]; root of context hierarchy
2017-07-10 11:04:27.594  INFO 45615 --- [    Test worker] c.evisions.CodecovdemoApplicationTests   : Started CodecovdemoApplicationTests in 0.744 seconds (JVM running for 1.888)

  .   ____          _            __ _ _
 /\\ / ___'_ __ _ _(_)_ __  __ _ \ \ \ \
( ( )\___ | '_ | '_| | '_ \/ _` | \ \ \ \
 \\/  ___)| |_)| | | | | || (_| |  ) ) ) )
  '  |____| .__|_| |_|_| |_\__, | / / / /
 =========|_|==============|___/=/_/_/_/
 :: Spring Boot ::        (v1.5.4.RELEASE)

2017-07-10 11:04:27.648  INFO 45615 --- [    Test worker] com.evisions.CodecovdemoApplication      : Starting CodecovdemoApplication on SNA20662.local with PID 45615 (started by gabe.clark in /Users/gabe.clark/Practice/codecovdemo)
2017-07-10 11:04:27.648  INFO 45615 --- [    Test worker] com.evisions.CodecovdemoApplication      : No active profile set, falling back to default profiles: default
2017-07-10 11:04:27.650  INFO 45615 --- [    Test worker] s.c.a.AnnotationConfigApplicationContext : Refreshing org.springframework.context.annotation.AnnotationConfigApplicationContext@7d265313: startup date [Mon Jul 10 11:04:27 PDT 2017]; root of context hierarchy
2017-07-10 11:04:27.885  INFO 45615 --- [    Test worker] o.s.j.e.a.AnnotationMBeanExporter        : Registering beans for JMX exposure on startup
2017-07-10 11:04:27.890  INFO 45615 --- [    Test worker] com.evisions.CodecovdemoApplication      : Started CodecovdemoApplication in 0.265 seconds (JVM running for 2.184)
]]></system-out>
  <system-err><![CDATA[]]></system-err>
</testsuite>
