<?xml version="1.0" encoding="UTF-8"?>
<testsuite name="com.evisions.CodecovdemoApplicationTests" tests="1" skipped="0" failures="0" errors="0" timestamp="2017-07-10T15:48:30" hostname="SNA20662.local" time="0.32">
  <properties/>
  <testcase name="contextLoads" classname="com.evisions.CodecovdemoApplicationTests" time="0.32"/>
  <system-out><![CDATA[08:48:29.695 [Test worker] DEBUG org.springframework.test.context.junit4.SpringJUnit4ClassRunner - SpringJUnit4ClassRunner constructor called with [class com.evisions.CodecovdemoApplicationTests]
08:48:29.701 [Test worker] DEBUG org.springframework.test.context.BootstrapUtils - Instantiating CacheAwareContextLoaderDelegate from class [org.springframework.test.context.cache.DefaultCacheAwareContextLoaderDelegate]
08:48:29.710 [Test worker] DEBUG org.springframework.test.context.BootstrapUtils - Instantiating BootstrapContext using constructor [public org.springframework.test.context.support.DefaultBootstrapContext(java.lang.Class,org.springframework.test.context.CacheAwareContextLoaderDelegate)]
08:48:29.739 [Test worker] DEBUG org.springframework.test.context.BootstrapUtils - Instantiating TestContextBootstrapper for test class [com.evisions.CodecovdemoApplicationTests] from class [org.springframework.boot.test.context.SpringBootTestContextBootstrapper]
08:48:29.755 [Test worker] INFO org.springframework.boot.test.context.SpringBootTestContextBootstrapper - Neither @ContextConfiguration nor @ContextHierarchy found for test class [com.evisions.CodecovdemoApplicationTests], using SpringBootContextLoader
08:48:29.760 [Test worker] DEBUG org.springframework.test.context.support.AbstractContextLoader - Did not detect default resource location for test class [com.evisions.CodecovdemoApplicationTests]: class path resource [com/evisions/CodecovdemoApplicationTests-context.xml] does not exist
08:48:29.760 [Test worker] DEBUG org.springframework.test.context.support.AbstractContextLoader - Did not detect default resource location for test class [com.evisions.CodecovdemoApplicationTests]: class path resource [com/evisions/CodecovdemoApplicationTestsContext.groovy] does not exist
08:48:29.760 [Test worker] INFO org.springframework.test.context.support.AbstractContextLoader - Could not detect default resource locations for test class [com.evisions.CodecovdemoApplicationTests]: no resource found for suffixes {-context.xml, Context.groovy}.
08:48:29.762 [Test worker] INFO org.springframework.test.context.support.AnnotationConfigContextLoaderUtils - Could not detect default configuration classes for test class [com.evisions.CodecovdemoApplicationTests]: CodecovdemoApplicationTests does not declare any static, non-private, non-final, nested classes annotated with @Configuration.
08:48:29.802 [Test worker] DEBUG org.springframework.test.context.support.ActiveProfilesUtils - Could not find an 'annotation declaring class' for annotation type [org.springframework.test.context.ActiveProfiles] and class [com.evisions.CodecovdemoApplicationTests]
08:48:29.812 [Test worker] DEBUG org.springframework.core.env.StandardEnvironment - Adding [systemProperties] PropertySource with lowest search precedence
08:48:29.813 [Test worker] DEBUG org.springframework.core.env.StandardEnvironment - Adding [systemEnvironment] PropertySource with lowest search precedence
08:48:29.813 [Test worker] DEBUG org.springframework.core.env.StandardEnvironment - Initialized StandardEnvironment with PropertySources [systemProperties,systemEnvironment]
08:48:29.826 [Test worker] DEBUG org.springframework.core.io.support.PathMatchingResourcePatternResolver - Resolved classpath location [com/evisions/] to resources [URL [file:/Users/gabe.clark/Practice/codecovdemo/build/classes/test/com/evisions/], URL [file:/Users/gabe.clark/Practice/codecovdemo/build/classes/main/com/evisions/]]
08:48:29.826 [Test worker] DEBUG org.springframework.core.io.support.PathMatchingResourcePatternResolver - Looking for matching resources in directory tree [/Users/gabe.clark/Practice/codecovdemo/build/classes/test/com/evisions]
08:48:29.826 [Test worker] DEBUG org.springframework.core.io.support.PathMatchingResourcePatternResolver - Searching directory [/Users/gabe.clark/Practice/codecovdemo/build/classes/test/com/evisions] for files matching pattern [/Users/gabe.clark/Practice/codecovdemo/build/classes/test/com/evisions/*.class]
08:48:29.830 [Test worker] DEBUG org.springframework.core.io.support.PathMatchingResourcePatternResolver - Looking for matching resources in directory tree [/Users/gabe.clark/Practice/codecovdemo/build/classes/main/com/evisions]
08:48:29.830 [Test worker] DEBUG org.springframework.core.io.support.PathMatchingResourcePatternResolver - Searching directory [/Users/gabe.clark/Practice/codecovdemo/build/classes/main/com/evisions] for files matching pattern [/Users/gabe.clark/Practice/codecovdemo/build/classes/main/com/evisions/*.class]
08:48:29.830 [Test worker] DEBUG org.springframework.core.io.support.PathMatchingResourcePatternResolver - Resolved location pattern [classpath*:com/evisions/*.class] to resources [file [/Users/gabe.clark/Practice/codecovdemo/build/classes/test/com/evisions/AdderTest.class], file [/Users/gabe.clark/Practice/codecovdemo/build/classes/test/com/evisions/CodecovdemoApplicationTests.class], file [/Users/gabe.clark/Practice/codecovdemo/build/classes/test/com/evisions/SubtractorTest.class], file [/Users/gabe.clark/Practice/codecovdemo/build/classes/main/com/evisions/Adder.class], file [/Users/gabe.clark/Practice/codecovdemo/build/classes/main/com/evisions/CodecovdemoApplication.class], file [/Users/gabe.clark/Practice/codecovdemo/build/classes/main/com/evisions/Subtractor.class]]
08:48:29.887 [Test worker] DEBUG org.springframework.context.annotation.ClassPathScanningCandidateComponentProvider - Identified candidate component class: file [/Users/gabe.clark/Practice/codecovdemo/build/classes/main/com/evisions/CodecovdemoApplication.class]
08:48:29.888 [Test worker] INFO org.springframework.boot.test.context.SpringBootTestContextBootstrapper - Found @SpringBootConfiguration com.evisions.CodecovdemoApplication for test class com.evisions.CodecovdemoApplicationTests
08:48:29.890 [Test worker] DEBUG org.springframework.boot.test.context.SpringBootTestContextBootstrapper - @TestExecutionListeners is not present for class [com.evisions.CodecovdemoApplicationTests]: using defaults.
08:48:29.893 [Test worker] INFO org.springframework.boot.test.context.SpringBootTestContextBootstrapper - Loaded default TestExecutionListener class names from location [META-INF/spring.factories]: [org.springframework.boot.test.mock.mockito.MockitoTestExecutionListener, org.springframework.boot.test.mock.mockito.ResetMocksTestExecutionListener, org.springframework.boot.test.autoconfigure.restdocs.RestDocsTestExecutionListener, org.springframework.boot.test.autoconfigure.web.client.MockRestServiceServerResetTestExecutionListener, org.springframework.boot.test.autoconfigure.web.servlet.MockMvcPrintOnlyOnFailureTestExecutionListener, org.springframework.boot.test.autoconfigure.web.servlet.WebDriverTestExecutionListener, org.springframework.test.context.web.ServletTestExecutionListener, org.springframework.test.context.support.DirtiesContextBeforeModesTestExecutionListener, org.springframework.test.context.support.DependencyInjectionTestExecutionListener, org.springframework.test.context.support.DirtiesContextTestExecutionListener, org.springframework.test.context.transaction.TransactionalTestExecutionListener, org.springframework.test.context.jdbc.SqlScriptsTestExecutionListener]
08:48:29.904 [Test worker] INFO org.springframework.boot.test.context.SpringBootTestContextBootstrapper - Could not instantiate TestExecutionListener [org.springframework.test.context.transaction.TransactionalTestExecutionListener]. Specify custom listener classes or make the default listener classes (and their required dependencies) available. Offending class: [org/springframework/transaction/interceptor/TransactionAttributeSource]
08:48:29.905 [Test worker] INFO org.springframework.boot.test.context.SpringBootTestContextBootstrapper - Could not instantiate TestExecutionListener [org.springframework.test.context.jdbc.SqlScriptsTestExecutionListener]. Specify custom listener classes or make the default listener classes (and their required dependencies) available. Offending class: [org/springframework/transaction/interceptor/TransactionAttribute]
08:48:29.905 [Test worker] INFO org.springframework.boot.test.context.SpringBootTestContextBootstrapper - Could not instantiate TestExecutionListener [org.springframework.test.context.web.ServletTestExecutionListener]. Specify custom listener classes or make the default listener classes (and their required dependencies) available. Offending class: [javax/servlet/ServletContext]
08:48:29.906 [Test worker] INFO org.springframework.boot.test.context.SpringBootTestContextBootstrapper - Using TestExecutionListeners: [org.springframework.test.context.support.DirtiesContextBeforeModesTestExecutionListener@413b6c55, org.springframework.boot.test.autoconfigure.SpringBootDependencyInjectionTestExecutionListener@1c05ea27, org.springframework.test.context.support.DirtiesContextTestExecutionListener@542ec515, org.springframework.boot.test.autoconfigure.web.client.MockRestServiceServerResetTestExecutionListener@4b26bc94, org.springframework.boot.test.autoconfigure.restdocs.RestDocsTestExecutionListener@51e53861, org.springframework.boot.test.autoconfigure.web.servlet.MockMvcPrintOnlyOnFailureTestExecutionListener@6282b4a8, org.springframework.boot.test.autoconfigure.web.servlet.WebDriverTestExecutionListener@40a6d380, org.springframework.boot.test.mock.mockito.MockitoTestExecutionListener@3e9a051c, org.springframework.boot.test.mock.mockito.ResetMocksTestExecutionListener@46c4049e]
08:48:29.908 [Test worker] DEBUG org.springframework.test.annotation.ProfileValueUtils - Retrieved @ProfileValueSourceConfiguration [null] for test class [com.evisions.CodecovdemoApplicationTests]
08:48:29.909 [Test worker] DEBUG org.springframework.test.annotation.ProfileValueUtils - Retrieved ProfileValueSource type [class org.springframework.test.annotation.SystemProfileValueSource] for class [com.evisions.CodecovdemoApplicationTests]
08:48:29.909 [Test worker] DEBUG org.springframework.test.annotation.ProfileValueUtils - Retrieved @ProfileValueSourceConfiguration [null] for test class [com.evisions.CodecovdemoApplicationTests]
08:48:29.909 [Test worker] DEBUG org.springframework.test.annotation.ProfileValueUtils - Retrieved ProfileValueSource type [class org.springframework.test.annotation.SystemProfileValueSource] for class [com.evisions.CodecovdemoApplicationTests]
08:48:29.913 [Test worker] DEBUG org.springframework.test.context.support.AbstractDirtiesContextTestExecutionListener - Before test class: context [DefaultTestContext@a77afd2 testClass = CodecovdemoApplicationTests, testInstance = [null], testMethod = [null], testException = [null], mergedContextConfiguration = [MergedContextConfiguration@5fa57e5f testClass = CodecovdemoApplicationTests, locations = '{}', classes = '{class com.evisions.CodecovdemoApplication}', contextInitializerClasses = '[]', activeProfiles = '{}', propertySourceLocations = '{}', propertySourceProperties = '{org.springframework.boot.test.context.SpringBootTestContextBootstrapper=true}', contextCustomizers = set[org.springframework.boot.test.context.SpringBootTestContextCustomizer@7b0def10, org.springframework.boot.test.context.filter.ExcludeFilterContextCustomizer@14561a24, org.springframework.boot.test.json.DuplicateJsonObjectContextCustomizerFactory$DuplicateJsonObjectContextCustomizer@7ca80a6b, org.springframework.boot.test.mock.mockito.MockitoContextCustomizer@0, org.springframework.boot.test.autoconfigure.properties.PropertyMappingContextCustomizer@0, org.springframework.boot.test.autoconfigure.web.servlet.WebDriverContextCustomizerFactory$Customizer@4a430d7d], contextLoader = 'org.springframework.boot.test.context.SpringBootContextLoader', parent = [null]]], class annotated with @DirtiesContext [false] with mode [null].
08:48:29.913 [Test worker] DEBUG org.springframework.test.annotation.ProfileValueUtils - Retrieved @ProfileValueSourceConfiguration [null] for test class [com.evisions.CodecovdemoApplicationTests]
08:48:29.914 [Test worker] DEBUG org.springframework.test.annotation.ProfileValueUtils - Retrieved ProfileValueSource type [class org.springframework.test.annotation.SystemProfileValueSource] for class [com.evisions.CodecovdemoApplicationTests]
08:48:29.914 [Test worker] DEBUG org.springframework.test.context.support.DependencyInjectionTestExecutionListener - Performing dependency injection for test context [[DefaultTestContext@a77afd2 testClass = CodecovdemoApplicationTests, testInstance = com.evisions.CodecovdemoApplicationTests@665a9b97, testMethod = [null], testException = [null], mergedContextConfiguration = [MergedContextConfiguration@5fa57e5f testClass = CodecovdemoApplicationTests, locations = '{}', classes = '{class com.evisions.CodecovdemoApplication}', contextInitializerClasses = '[]', activeProfiles = '{}', propertySourceLocations = '{}', propertySourceProperties = '{org.springframework.boot.test.context.SpringBootTestContextBootstrapper=true}', contextCustomizers = set[org.springframework.boot.test.context.SpringBootTestContextCustomizer@7b0def10, org.springframework.boot.test.context.filter.ExcludeFilterContextCustomizer@14561a24, org.springframework.boot.test.json.DuplicateJsonObjectContextCustomizerFactory$DuplicateJsonObjectContextCustomizer@7ca80a6b, org.springframework.boot.test.mock.mockito.MockitoContextCustomizer@0, org.springframework.boot.test.autoconfigure.properties.PropertyMappingContextCustomizer@0, org.springframework.boot.test.autoconfigure.web.servlet.WebDriverContextCustomizerFactory$Customizer@4a430d7d], contextLoader = 'org.springframework.boot.test.context.SpringBootContextLoader', parent = [null]]]].
08:48:29.987 [Test worker] DEBUG org.springframework.core.env.StandardEnvironment - Adding [systemProperties] PropertySource with lowest search precedence
08:48:29.987 [Test worker] DEBUG org.springframework.core.env.StandardEnvironment - Adding [systemEnvironment] PropertySource with lowest search precedence
08:48:29.987 [Test worker] DEBUG org.springframework.core.env.StandardEnvironment - Initialized StandardEnvironment with PropertySources [systemProperties,systemEnvironment]
08:48:29.989 [Test worker] DEBUG org.springframework.core.env.MutablePropertySources - Adding [inline] PropertySource with highest search precedence
08:48:29.995 [Test worker] DEBUG org.springframework.test.context.support.TestPropertySourceUtils - Adding inlined properties to environment: {spring.jmx.enabled=false, org.springframework.boot.test.context.SpringBootTestContextBootstrapper=true, server.port=-1}
08:48:29.995 [Test worker] DEBUG org.springframework.core.env.StandardEnvironment - Adding [Inlined Test Properties] PropertySource with highest search precedence

  .   ____          _            __ _ _
 /\\ / ___'_ __ _ _(_)_ __  __ _ \ \ \ \
( ( )\___ | '_ | '_| | '_ \/ _` | \ \ \ \
 \\/  ___)| |_)| | | | | || (_| |  ) ) ) )
  '  |____| .__|_| |_|_| |_\__, | / / / /
 =========|_|==============|___/=/_/_/_/
 :: Spring Boot ::        (v1.5.4.RELEASE)

2017-07-10 08:48:30.280  INFO 44064 --- [    Test worker] c.evisions.CodecovdemoApplicationTests   : Starting CodecovdemoApplicationTests on SNA20662.local with PID 44064 (started by gabe.clark in /Users/gabe.clark/Practice/codecovdemo)
2017-07-10 08:48:30.281  INFO 44064 --- [    Test worker] c.evisions.CodecovdemoApplicationTests   : No active profile set, falling back to default profiles: default
2017-07-10 08:48:30.308  INFO 44064 --- [    Test worker] s.c.a.AnnotationConfigApplicationContext : Refreshing org.springframework.context.annotation.AnnotationConfigApplicationContext@6d7cbe0d: startup date [Mon Jul 10 08:48:30 PDT 2017]; root of context hierarchy
2017-07-10 08:48:30.758  INFO 44064 --- [    Test worker] c.evisions.CodecovdemoApplicationTests   : Started CodecovdemoApplicationTests in 0.759 seconds (JVM running for 1.97)

  .   ____          _            __ _ _
 /\\ / ___'_ __ _ _(_)_ __  __ _ \ \ \ \
( ( )\___ | '_ | '_| | '_ \/ _` | \ \ \ \
 \\/  ___)| |_)| | | | | || (_| |  ) ) ) )
  '  |____| .__|_| |_|_| |_\__, | / / / /
 =========|_|==============|___/=/_/_/_/
 :: Spring Boot ::        (v1.5.4.RELEASE)

2017-07-10 08:48:30.820  INFO 44064 --- [    Test worker] com.evisions.CodecovdemoApplication      : Starting CodecovdemoApplication on SNA20662.local with PID 44064 (started by gabe.clark in /Users/gabe.clark/Practice/codecovdemo)
2017-07-10 08:48:30.820  INFO 44064 --- [    Test worker] com.evisions.CodecovdemoApplication      : No active profile set, falling back to default profiles: default
2017-07-10 08:48:30.822  INFO 44064 --- [    Test worker] s.c.a.AnnotationConfigApplicationContext : Refreshing org.springframework.context.annotation.AnnotationConfigApplicationContext@15976f78: startup date [Mon Jul 10 08:48:30 PDT 2017]; root of context hierarchy
2017-07-10 08:48:31.072  INFO 44064 --- [    Test worker] o.s.j.e.a.AnnotationMBeanExporter        : Registering beans for JMX exposure on startup
2017-07-10 08:48:31.079  INFO 44064 --- [    Test worker] com.evisions.CodecovdemoApplication      : Started CodecovdemoApplication in 0.288 seconds (JVM running for 2.292)
]]></system-out>
  <system-err><![CDATA[]]></system-err>
</testsuite>
