<?xml version="1.0" encoding="UTF-8"?>
<testsuite name="com.evisions.CodecovdemoApplicationTests" tests="1" skipped="0" failures="0" errors="0" timestamp="2017-07-07T22:38:20" hostname="SNA20662.local" time="0.305">
  <properties/>
  <testcase name="contextLoads" classname="com.evisions.CodecovdemoApplicationTests" time="0.305"/>
  <system-out><![CDATA[15:38:19.815 [Test worker] DEBUG org.springframework.test.context.junit4.SpringJUnit4ClassRunner - SpringJUnit4ClassRunner constructor called with [class com.evisions.CodecovdemoApplicationTests]
15:38:19.825 [Test worker] DEBUG org.springframework.test.context.BootstrapUtils - Instantiating CacheAwareContextLoaderDelegate from class [org.springframework.test.context.cache.DefaultCacheAwareContextLoaderDelegate]
15:38:19.840 [Test worker] DEBUG org.springframework.test.context.BootstrapUtils - Instantiating BootstrapContext using constructor [public org.springframework.test.context.support.DefaultBootstrapContext(java.lang.Class,org.springframework.test.context.CacheAwareContextLoaderDelegate)]
15:38:19.866 [Test worker] DEBUG org.springframework.test.context.BootstrapUtils - Instantiating TestContextBootstrapper for test class [com.evisions.CodecovdemoApplicationTests] from class [org.springframework.boot.test.context.SpringBootTestContextBootstrapper]
15:38:19.882 [Test worker] INFO org.springframework.boot.test.context.SpringBootTestContextBootstrapper - Neither @ContextConfiguration nor @ContextHierarchy found for test class [com.evisions.CodecovdemoApplicationTests], using SpringBootContextLoader
15:38:19.887 [Test worker] DEBUG org.springframework.test.context.support.AbstractContextLoader - Did not detect default resource location for test class [com.evisions.CodecovdemoApplicationTests]: class path resource [com/evisions/CodecovdemoApplicationTests-context.xml] does not exist
15:38:19.888 [Test worker] DEBUG org.springframework.test.context.support.AbstractContextLoader - Did not detect default resource location for test class [com.evisions.CodecovdemoApplicationTests]: class path resource [com/evisions/CodecovdemoApplicationTestsContext.groovy] does not exist
15:38:19.888 [Test worker] INFO org.springframework.test.context.support.AbstractContextLoader - Could not detect default resource locations for test class [com.evisions.CodecovdemoApplicationTests]: no resource found for suffixes {-context.xml, Context.groovy}.
15:38:19.889 [Test worker] INFO org.springframework.test.context.support.AnnotationConfigContextLoaderUtils - Could not detect default configuration classes for test class [com.evisions.CodecovdemoApplicationTests]: CodecovdemoApplicationTests does not declare any static, non-private, non-final, nested classes annotated with @Configuration.
15:38:19.929 [Test worker] DEBUG org.springframework.test.context.support.ActiveProfilesUtils - Could not find an 'annotation declaring class' for annotation type [org.springframework.test.context.ActiveProfiles] and class [com.evisions.CodecovdemoApplicationTests]
15:38:19.940 [Test worker] DEBUG org.springframework.core.env.StandardEnvironment - Adding [systemProperties] PropertySource with lowest search precedence
15:38:19.941 [Test worker] DEBUG org.springframework.core.env.StandardEnvironment - Adding [systemEnvironment] PropertySource with lowest search precedence
15:38:19.941 [Test worker] DEBUG org.springframework.core.env.StandardEnvironment - Initialized StandardEnvironment with PropertySources [systemProperties,systemEnvironment]
15:38:19.954 [Test worker] DEBUG org.springframework.core.io.support.PathMatchingResourcePatternResolver - Resolved classpath location [com/evisions/] to resources [URL [file:/Users/gabe.clark/Practice/codecovdemo/build/classes/test/com/evisions/], URL [file:/Users/gabe.clark/Practice/codecovdemo/build/classes/main/com/evisions/]]
15:38:19.954 [Test worker] DEBUG org.springframework.core.io.support.PathMatchingResourcePatternResolver - Looking for matching resources in directory tree [/Users/gabe.clark/Practice/codecovdemo/build/classes/test/com/evisions]
15:38:19.954 [Test worker] DEBUG org.springframework.core.io.support.PathMatchingResourcePatternResolver - Searching directory [/Users/gabe.clark/Practice/codecovdemo/build/classes/test/com/evisions] for files matching pattern [/Users/gabe.clark/Practice/codecovdemo/build/classes/test/com/evisions/*.class]
15:38:19.958 [Test worker] DEBUG org.springframework.core.io.support.PathMatchingResourcePatternResolver - Looking for matching resources in directory tree [/Users/gabe.clark/Practice/codecovdemo/build/classes/main/com/evisions]
15:38:19.958 [Test worker] DEBUG org.springframework.core.io.support.PathMatchingResourcePatternResolver - Searching directory [/Users/gabe.clark/Practice/codecovdemo/build/classes/main/com/evisions] for files matching pattern [/Users/gabe.clark/Practice/codecovdemo/build/classes/main/com/evisions/*.class]
15:38:19.959 [Test worker] DEBUG org.springframework.core.io.support.PathMatchingResourcePatternResolver - Resolved location pattern [classpath*:com/evisions/*.class] to resources [file [/Users/gabe.clark/Practice/codecovdemo/build/classes/test/com/evisions/AdderTest.class], file [/Users/gabe.clark/Practice/codecovdemo/build/classes/test/com/evisions/CodecovdemoApplicationTests.class], file [/Users/gabe.clark/Practice/codecovdemo/build/classes/test/com/evisions/SubtractorTest.class], file [/Users/gabe.clark/Practice/codecovdemo/build/classes/main/com/evisions/Adder.class], file [/Users/gabe.clark/Practice/codecovdemo/build/classes/main/com/evisions/CodecovdemoApplication.class], file [/Users/gabe.clark/Practice/codecovdemo/build/classes/main/com/evisions/Subtractor.class]]
15:38:20.027 [Test worker] DEBUG org.springframework.context.annotation.ClassPathScanningCandidateComponentProvider - Identified candidate component class: file [/Users/gabe.clark/Practice/codecovdemo/build/classes/main/com/evisions/CodecovdemoApplication.class]
15:38:20.028 [Test worker] INFO org.springframework.boot.test.context.SpringBootTestContextBootstrapper - Found @SpringBootConfiguration com.evisions.CodecovdemoApplication for test class com.evisions.CodecovdemoApplicationTests
15:38:20.030 [Test worker] DEBUG org.springframework.boot.test.context.SpringBootTestContextBootstrapper - @TestExecutionListeners is not present for class [com.evisions.CodecovdemoApplicationTests]: using defaults.
15:38:20.034 [Test worker] INFO org.springframework.boot.test.context.SpringBootTestContextBootstrapper - Loaded default TestExecutionListener class names from location [META-INF/spring.factories]: [org.springframework.boot.test.mock.mockito.MockitoTestExecutionListener, org.springframework.boot.test.mock.mockito.ResetMocksTestExecutionListener, org.springframework.boot.test.autoconfigure.restdocs.RestDocsTestExecutionListener, org.springframework.boot.test.autoconfigure.web.client.MockRestServiceServerResetTestExecutionListener, org.springframework.boot.test.autoconfigure.web.servlet.MockMvcPrintOnlyOnFailureTestExecutionListener, org.springframework.boot.test.autoconfigure.web.servlet.WebDriverTestExecutionListener, org.springframework.test.context.web.ServletTestExecutionListener, org.springframework.test.context.support.DirtiesContextBeforeModesTestExecutionListener, org.springframework.test.context.support.DependencyInjectionTestExecutionListener, org.springframework.test.context.support.DirtiesContextTestExecutionListener, org.springframework.test.context.transaction.TransactionalTestExecutionListener, org.springframework.test.context.jdbc.SqlScriptsTestExecutionListener]
15:38:20.047 [Test worker] INFO org.springframework.boot.test.context.SpringBootTestContextBootstrapper - Could not instantiate TestExecutionListener [org.springframework.test.context.transaction.TransactionalTestExecutionListener]. Specify custom listener classes or make the default listener classes (and their required dependencies) available. Offending class: [org/springframework/transaction/interceptor/TransactionAttributeSource]
15:38:20.047 [Test worker] INFO org.springframework.boot.test.context.SpringBootTestContextBootstrapper - Could not instantiate TestExecutionListener [org.springframework.test.context.jdbc.SqlScriptsTestExecutionListener]. Specify custom listener classes or make the default listener classes (and their required dependencies) available. Offending class: [org/springframework/transaction/interceptor/TransactionAttribute]
15:38:20.051 [Test worker] INFO org.springframework.boot.test.context.SpringBootTestContextBootstrapper - Could not instantiate TestExecutionListener [org.springframework.test.context.web.ServletTestExecutionListener]. Specify custom listener classes or make the default listener classes (and their required dependencies) available. Offending class: [javax/servlet/ServletContext]
15:38:20.052 [Test worker] INFO org.springframework.boot.test.context.SpringBootTestContextBootstrapper - Using TestExecutionListeners: [org.springframework.test.context.support.DirtiesContextBeforeModesTestExecutionListener@19672d07, org.springframework.boot.test.autoconfigure.SpringBootDependencyInjectionTestExecutionListener@3f644d3e, org.springframework.test.context.support.DirtiesContextTestExecutionListener@3d15e723, org.springframework.boot.test.autoconfigure.web.servlet.MockMvcPrintOnlyOnFailureTestExecutionListener@1d7ea5b8, org.springframework.boot.test.autoconfigure.web.client.MockRestServiceServerResetTestExecutionListener@3dd1bc05, org.springframework.boot.test.mock.mockito.MockitoTestExecutionListener@20411b3c, org.springframework.boot.test.mock.mockito.ResetMocksTestExecutionListener@327fcce8, org.springframework.boot.test.autoconfigure.restdocs.RestDocsTestExecutionListener@5ac4fc7a, org.springframework.boot.test.autoconfigure.web.servlet.WebDriverTestExecutionListener@6ac542b3]
15:38:20.054 [Test worker] DEBUG org.springframework.test.annotation.ProfileValueUtils - Retrieved @ProfileValueSourceConfiguration [null] for test class [com.evisions.CodecovdemoApplicationTests]
15:38:20.054 [Test worker] DEBUG org.springframework.test.annotation.ProfileValueUtils - Retrieved ProfileValueSource type [class org.springframework.test.annotation.SystemProfileValueSource] for class [com.evisions.CodecovdemoApplicationTests]
15:38:20.055 [Test worker] DEBUG org.springframework.test.annotation.ProfileValueUtils - Retrieved @ProfileValueSourceConfiguration [null] for test class [com.evisions.CodecovdemoApplicationTests]
15:38:20.055 [Test worker] DEBUG org.springframework.test.annotation.ProfileValueUtils - Retrieved ProfileValueSource type [class org.springframework.test.annotation.SystemProfileValueSource] for class [com.evisions.CodecovdemoApplicationTests]
15:38:20.059 [Test worker] DEBUG org.springframework.test.context.support.AbstractDirtiesContextTestExecutionListener - Before test class: context [DefaultTestContext@520622d2 testClass = CodecovdemoApplicationTests, testInstance = [null], testMethod = [null], testException = [null], mergedContextConfiguration = [MergedContextConfiguration@5a8d753b testClass = CodecovdemoApplicationTests, locations = '{}', classes = '{class com.evisions.CodecovdemoApplication}', contextInitializerClasses = '[]', activeProfiles = '{}', propertySourceLocations = '{}', propertySourceProperties = '{org.springframework.boot.test.context.SpringBootTestContextBootstrapper=true}', contextCustomizers = set[org.springframework.boot.test.context.SpringBootTestContextCustomizer@b178884, org.springframework.boot.test.context.filter.ExcludeFilterContextCustomizer@7ec4bdf6, org.springframework.boot.test.json.DuplicateJsonObjectContextCustomizerFactory$DuplicateJsonObjectContextCustomizer@1bef844c, org.springframework.boot.test.mock.mockito.MockitoContextCustomizer@0, org.springframework.boot.test.autoconfigure.properties.PropertyMappingContextCustomizer@0, org.springframework.boot.test.autoconfigure.web.servlet.WebDriverContextCustomizerFactory$Customizer@3eade01], contextLoader = 'org.springframework.boot.test.context.SpringBootContextLoader', parent = [null]]], class annotated with @DirtiesContext [false] with mode [null].
15:38:20.060 [Test worker] DEBUG org.springframework.test.annotation.ProfileValueUtils - Retrieved @ProfileValueSourceConfiguration [null] for test class [com.evisions.CodecovdemoApplicationTests]
15:38:20.060 [Test worker] DEBUG org.springframework.test.annotation.ProfileValueUtils - Retrieved ProfileValueSource type [class org.springframework.test.annotation.SystemProfileValueSource] for class [com.evisions.CodecovdemoApplicationTests]
15:38:20.061 [Test worker] DEBUG org.springframework.test.context.support.DependencyInjectionTestExecutionListener - Performing dependency injection for test context [[DefaultTestContext@520622d2 testClass = CodecovdemoApplicationTests, testInstance = com.evisions.CodecovdemoApplicationTests@71956637, testMethod = [null], testException = [null], mergedContextConfiguration = [MergedContextConfiguration@5a8d753b testClass = CodecovdemoApplicationTests, locations = '{}', classes = '{class com.evisions.CodecovdemoApplication}', contextInitializerClasses = '[]', activeProfiles = '{}', propertySourceLocations = '{}', propertySourceProperties = '{org.springframework.boot.test.context.SpringBootTestContextBootstrapper=true}', contextCustomizers = set[org.springframework.boot.test.context.SpringBootTestContextCustomizer@b178884, org.springframework.boot.test.context.filter.ExcludeFilterContextCustomizer@7ec4bdf6, org.springframework.boot.test.json.DuplicateJsonObjectContextCustomizerFactory$DuplicateJsonObjectContextCustomizer@1bef844c, org.springframework.boot.test.mock.mockito.MockitoContextCustomizer@0, org.springframework.boot.test.autoconfigure.properties.PropertyMappingContextCustomizer@0, org.springframework.boot.test.autoconfigure.web.servlet.WebDriverContextCustomizerFactory$Customizer@3eade01], contextLoader = 'org.springframework.boot.test.context.SpringBootContextLoader', parent = [null]]]].
15:38:20.137 [Test worker] DEBUG org.springframework.core.env.StandardEnvironment - Adding [systemProperties] PropertySource with lowest search precedence
15:38:20.137 [Test worker] DEBUG org.springframework.core.env.StandardEnvironment - Adding [systemEnvironment] PropertySource with lowest search precedence
15:38:20.137 [Test worker] DEBUG org.springframework.core.env.StandardEnvironment - Initialized StandardEnvironment with PropertySources [systemProperties,systemEnvironment]
15:38:20.139 [Test worker] DEBUG org.springframework.core.env.MutablePropertySources - Adding [inline] PropertySource with highest search precedence
15:38:20.144 [Test worker] DEBUG org.springframework.test.context.support.TestPropertySourceUtils - Adding inlined properties to environment: {spring.jmx.enabled=false, org.springframework.boot.test.context.SpringBootTestContextBootstrapper=true, server.port=-1}
15:38:20.145 [Test worker] DEBUG org.springframework.core.env.StandardEnvironment - Adding [Inlined Test Properties] PropertySource with highest search precedence

  .   ____          _            __ _ _
 /\\ / ___'_ __ _ _(_)_ __  __ _ \ \ \ \
( ( )\___ | '_ | '_| | '_ \/ _` | \ \ \ \
 \\/  ___)| |_)| | | | | || (_| |  ) ) ) )
  '  |____| .__|_| |_|_| |_\__, | / / / /
 =========|_|==============|___/=/_/_/_/
 :: Spring Boot ::        (v1.5.4.RELEASE)

2017-07-07 15:38:20.450  INFO 7213 --- [    Test worker] c.evisions.CodecovdemoApplicationTests   : Starting CodecovdemoApplicationTests on SNA20662.local with PID 7213 (started by gabe.clark in /Users/gabe.clark/Practice/codecovdemo)
2017-07-07 15:38:20.451  INFO 7213 --- [    Test worker] c.evisions.CodecovdemoApplicationTests   : No active profile set, falling back to default profiles: default
2017-07-07 15:38:20.478  INFO 7213 --- [    Test worker] s.c.a.AnnotationConfigApplicationContext : Refreshing org.springframework.context.annotation.AnnotationConfigApplicationContext@138eaaf1: startup date [Fri Jul 07 15:38:20 PDT 2017]; root of context hierarchy
2017-07-07 15:38:20.961  INFO 7213 --- [    Test worker] c.evisions.CodecovdemoApplicationTests   : Started CodecovdemoApplicationTests in 0.812 seconds (JVM running for 2.248)

  .   ____          _            __ _ _
 /\\ / ___'_ __ _ _(_)_ __  __ _ \ \ \ \
( ( )\___ | '_ | '_| | '_ \/ _` | \ \ \ \
 \\/  ___)| |_)| | | | | || (_| |  ) ) ) )
  '  |____| .__|_| |_|_| |_\__, | / / / /
 =========|_|==============|___/=/_/_/_/
 :: Spring Boot ::        (v1.5.4.RELEASE)

2017-07-07 15:38:21.019  INFO 7213 --- [    Test worker] com.evisions.CodecovdemoApplication      : Starting CodecovdemoApplication on SNA20662.local with PID 7213 (started by gabe.clark in /Users/gabe.clark/Practice/codecovdemo)
2017-07-07 15:38:21.019  INFO 7213 --- [    Test worker] com.evisions.CodecovdemoApplication      : No active profile set, falling back to default profiles: default
2017-07-07 15:38:21.022  INFO 7213 --- [    Test worker] s.c.a.AnnotationConfigApplicationContext : Refreshing org.springframework.context.annotation.AnnotationConfigApplicationContext@61f3822d: startup date [Fri Jul 07 15:38:21 PDT 2017]; root of context hierarchy
2017-07-07 15:38:21.261  INFO 7213 --- [    Test worker] o.s.j.e.a.AnnotationMBeanExporter        : Registering beans for JMX exposure on startup
2017-07-07 15:38:21.266  INFO 7213 --- [    Test worker] com.evisions.CodecovdemoApplication      : Started CodecovdemoApplication in 0.273 seconds (JVM running for 2.554)
]]></system-out>
  <system-err><![CDATA[]]></system-err>
</testsuite>
