<?xml version="1.0" encoding="UTF-8"?>
<testsuite name="com.evisions.CodecovdemoApplicationTests" tests="1" skipped="0" failures="0" errors="0" timestamp="2017-07-10T15:16:10" hostname="SNA20662.local" time="0.298">
  <properties/>
  <testcase name="contextLoads" classname="com.evisions.CodecovdemoApplicationTests" time="0.298"/>
  <system-out><![CDATA[08:16:09.838 [Test worker] DEBUG org.springframework.test.context.junit4.SpringJUnit4ClassRunner - SpringJUnit4ClassRunner constructor called with [class com.evisions.CodecovdemoApplicationTests]
08:16:09.845 [Test worker] DEBUG org.springframework.test.context.BootstrapUtils - Instantiating CacheAwareContextLoaderDelegate from class [org.springframework.test.context.cache.DefaultCacheAwareContextLoaderDelegate]
08:16:09.857 [Test worker] DEBUG org.springframework.test.context.BootstrapUtils - Instantiating BootstrapContext using constructor [public org.springframework.test.context.support.DefaultBootstrapContext(java.lang.Class,org.springframework.test.context.CacheAwareContextLoaderDelegate)]
08:16:09.878 [Test worker] DEBUG org.springframework.test.context.BootstrapUtils - Instantiating TestContextBootstrapper for test class [com.evisions.CodecovdemoApplicationTests] from class [org.springframework.boot.test.context.SpringBootTestContextBootstrapper]
08:16:09.892 [Test worker] INFO org.springframework.boot.test.context.SpringBootTestContextBootstrapper - Neither @ContextConfiguration nor @ContextHierarchy found for test class [com.evisions.CodecovdemoApplicationTests], using SpringBootContextLoader
08:16:09.896 [Test worker] DEBUG org.springframework.test.context.support.AbstractContextLoader - Did not detect default resource location for test class [com.evisions.CodecovdemoApplicationTests]: class path resource [com/evisions/CodecovdemoApplicationTests-context.xml] does not exist
08:16:09.896 [Test worker] DEBUG org.springframework.test.context.support.AbstractContextLoader - Did not detect default resource location for test class [com.evisions.CodecovdemoApplicationTests]: class path resource [com/evisions/CodecovdemoApplicationTestsContext.groovy] does not exist
08:16:09.897 [Test worker] INFO org.springframework.test.context.support.AbstractContextLoader - Could not detect default resource locations for test class [com.evisions.CodecovdemoApplicationTests]: no resource found for suffixes {-context.xml, Context.groovy}.
08:16:09.897 [Test worker] INFO org.springframework.test.context.support.AnnotationConfigContextLoaderUtils - Could not detect default configuration classes for test class [com.evisions.CodecovdemoApplicationTests]: CodecovdemoApplicationTests does not declare any static, non-private, non-final, nested classes annotated with @Configuration.
08:16:09.935 [Test worker] DEBUG org.springframework.test.context.support.ActiveProfilesUtils - Could not find an 'annotation declaring class' for annotation type [org.springframework.test.context.ActiveProfiles] and class [com.evisions.CodecovdemoApplicationTests]
08:16:09.948 [Test worker] DEBUG org.springframework.core.env.StandardEnvironment - Adding [systemProperties] PropertySource with lowest search precedence
08:16:09.948 [Test worker] DEBUG org.springframework.core.env.StandardEnvironment - Adding [systemEnvironment] PropertySource with lowest search precedence
08:16:09.949 [Test worker] DEBUG org.springframework.core.env.StandardEnvironment - Initialized StandardEnvironment with PropertySources [systemProperties,systemEnvironment]
08:16:09.961 [Test worker] DEBUG org.springframework.core.io.support.PathMatchingResourcePatternResolver - Resolved classpath location [com/evisions/] to resources [URL [file:/Users/gabe.clark/Practice/codecovdemo/build/classes/test/com/evisions/], URL [file:/Users/gabe.clark/Practice/codecovdemo/build/classes/main/com/evisions/]]
08:16:09.961 [Test worker] DEBUG org.springframework.core.io.support.PathMatchingResourcePatternResolver - Looking for matching resources in directory tree [/Users/gabe.clark/Practice/codecovdemo/build/classes/test/com/evisions]
08:16:09.961 [Test worker] DEBUG org.springframework.core.io.support.PathMatchingResourcePatternResolver - Searching directory [/Users/gabe.clark/Practice/codecovdemo/build/classes/test/com/evisions] for files matching pattern [/Users/gabe.clark/Practice/codecovdemo/build/classes/test/com/evisions/*.class]
08:16:09.965 [Test worker] DEBUG org.springframework.core.io.support.PathMatchingResourcePatternResolver - Looking for matching resources in directory tree [/Users/gabe.clark/Practice/codecovdemo/build/classes/main/com/evisions]
08:16:09.965 [Test worker] DEBUG org.springframework.core.io.support.PathMatchingResourcePatternResolver - Searching directory [/Users/gabe.clark/Practice/codecovdemo/build/classes/main/com/evisions] for files matching pattern [/Users/gabe.clark/Practice/codecovdemo/build/classes/main/com/evisions/*.class]
08:16:09.966 [Test worker] DEBUG org.springframework.core.io.support.PathMatchingResourcePatternResolver - Resolved location pattern [classpath*:com/evisions/*.class] to resources [file [/Users/gabe.clark/Practice/codecovdemo/build/classes/test/com/evisions/AdderTest.class], file [/Users/gabe.clark/Practice/codecovdemo/build/classes/test/com/evisions/CodecovdemoApplicationTests.class], file [/Users/gabe.clark/Practice/codecovdemo/build/classes/test/com/evisions/SubtractorTest.class], file [/Users/gabe.clark/Practice/codecovdemo/build/classes/main/com/evisions/Adder.class], file [/Users/gabe.clark/Practice/codecovdemo/build/classes/main/com/evisions/CodecovdemoApplication.class], file [/Users/gabe.clark/Practice/codecovdemo/build/classes/main/com/evisions/Subtractor.class]]
08:16:10.023 [Test worker] DEBUG org.springframework.context.annotation.ClassPathScanningCandidateComponentProvider - Identified candidate component class: file [/Users/gabe.clark/Practice/codecovdemo/build/classes/main/com/evisions/CodecovdemoApplication.class]
08:16:10.025 [Test worker] INFO org.springframework.boot.test.context.SpringBootTestContextBootstrapper - Found @SpringBootConfiguration com.evisions.CodecovdemoApplication for test class com.evisions.CodecovdemoApplicationTests
08:16:10.027 [Test worker] DEBUG org.springframework.boot.test.context.SpringBootTestContextBootstrapper - @TestExecutionListeners is not present for class [com.evisions.CodecovdemoApplicationTests]: using defaults.
08:16:10.032 [Test worker] INFO org.springframework.boot.test.context.SpringBootTestContextBootstrapper - Loaded default TestExecutionListener class names from location [META-INF/spring.factories]: [org.springframework.boot.test.mock.mockito.MockitoTestExecutionListener, org.springframework.boot.test.mock.mockito.ResetMocksTestExecutionListener, org.springframework.boot.test.autoconfigure.restdocs.RestDocsTestExecutionListener, org.springframework.boot.test.autoconfigure.web.client.MockRestServiceServerResetTestExecutionListener, org.springframework.boot.test.autoconfigure.web.servlet.MockMvcPrintOnlyOnFailureTestExecutionListener, org.springframework.boot.test.autoconfigure.web.servlet.WebDriverTestExecutionListener, org.springframework.test.context.web.ServletTestExecutionListener, org.springframework.test.context.support.DirtiesContextBeforeModesTestExecutionListener, org.springframework.test.context.support.DependencyInjectionTestExecutionListener, org.springframework.test.context.support.DirtiesContextTestExecutionListener, org.springframework.test.context.transaction.TransactionalTestExecutionListener, org.springframework.test.context.jdbc.SqlScriptsTestExecutionListener]
08:16:10.043 [Test worker] INFO org.springframework.boot.test.context.SpringBootTestContextBootstrapper - Could not instantiate TestExecutionListener [org.springframework.test.context.web.ServletTestExecutionListener]. Specify custom listener classes or make the default listener classes (and their required dependencies) available. Offending class: [javax/servlet/ServletContext]
08:16:10.045 [Test worker] INFO org.springframework.boot.test.context.SpringBootTestContextBootstrapper - Could not instantiate TestExecutionListener [org.springframework.test.context.transaction.TransactionalTestExecutionListener]. Specify custom listener classes or make the default listener classes (and their required dependencies) available. Offending class: [org/springframework/transaction/interceptor/TransactionAttributeSource]
08:16:10.046 [Test worker] INFO org.springframework.boot.test.context.SpringBootTestContextBootstrapper - Could not instantiate TestExecutionListener [org.springframework.test.context.jdbc.SqlScriptsTestExecutionListener]. Specify custom listener classes or make the default listener classes (and their required dependencies) available. Offending class: [org/springframework/transaction/interceptor/TransactionAttribute]
08:16:10.046 [Test worker] INFO org.springframework.boot.test.context.SpringBootTestContextBootstrapper - Using TestExecutionListeners: [org.springframework.test.context.support.DirtiesContextBeforeModesTestExecutionListener@7bd5f41b, org.springframework.boot.test.autoconfigure.SpringBootDependencyInjectionTestExecutionListener@466a3531, org.springframework.test.context.support.DirtiesContextTestExecutionListener@77cc93b4, org.springframework.boot.test.mock.mockito.ResetMocksTestExecutionListener@78ba007c, org.springframework.boot.test.autoconfigure.web.servlet.MockMvcPrintOnlyOnFailureTestExecutionListener@2c9b465c, org.springframework.boot.test.autoconfigure.web.client.MockRestServiceServerResetTestExecutionListener@3bcf2d43, org.springframework.boot.test.autoconfigure.web.servlet.WebDriverTestExecutionListener@288d48bd, org.springframework.boot.test.mock.mockito.MockitoTestExecutionListener@1c1430, org.springframework.boot.test.autoconfigure.restdocs.RestDocsTestExecutionListener@76c31bc9]
08:16:10.048 [Test worker] DEBUG org.springframework.test.annotation.ProfileValueUtils - Retrieved @ProfileValueSourceConfiguration [null] for test class [com.evisions.CodecovdemoApplicationTests]
08:16:10.049 [Test worker] DEBUG org.springframework.test.annotation.ProfileValueUtils - Retrieved ProfileValueSource type [class org.springframework.test.annotation.SystemProfileValueSource] for class [com.evisions.CodecovdemoApplicationTests]
08:16:10.049 [Test worker] DEBUG org.springframework.test.annotation.ProfileValueUtils - Retrieved @ProfileValueSourceConfiguration [null] for test class [com.evisions.CodecovdemoApplicationTests]
08:16:10.049 [Test worker] DEBUG org.springframework.test.annotation.ProfileValueUtils - Retrieved ProfileValueSource type [class org.springframework.test.annotation.SystemProfileValueSource] for class [com.evisions.CodecovdemoApplicationTests]
08:16:10.053 [Test worker] DEBUG org.springframework.test.context.support.AbstractDirtiesContextTestExecutionListener - Before test class: context [DefaultTestContext@55b3cd14 testClass = CodecovdemoApplicationTests, testInstance = [null], testMethod = [null], testException = [null], mergedContextConfiguration = [MergedContextConfiguration@4cc9b9ab testClass = CodecovdemoApplicationTests, locations = '{}', classes = '{class com.evisions.CodecovdemoApplication}', contextInitializerClasses = '[]', activeProfiles = '{}', propertySourceLocations = '{}', propertySourceProperties = '{org.springframework.boot.test.context.SpringBootTestContextBootstrapper=true}', contextCustomizers = set[org.springframework.boot.test.context.SpringBootTestContextCustomizer@6d1738f, org.springframework.boot.test.context.filter.ExcludeFilterContextCustomizer@f5e063e, org.springframework.boot.test.json.DuplicateJsonObjectContextCustomizerFactory$DuplicateJsonObjectContextCustomizer@500a7af, org.springframework.boot.test.mock.mockito.MockitoContextCustomizer@0, org.springframework.boot.test.autoconfigure.properties.PropertyMappingContextCustomizer@0, org.springframework.boot.test.autoconfigure.web.servlet.WebDriverContextCustomizerFactory$Customizer@5a17f564], contextLoader = 'org.springframework.boot.test.context.SpringBootContextLoader', parent = [null]]], class annotated with @DirtiesContext [false] with mode [null].
08:16:10.054 [Test worker] DEBUG org.springframework.test.annotation.ProfileValueUtils - Retrieved @ProfileValueSourceConfiguration [null] for test class [com.evisions.CodecovdemoApplicationTests]
08:16:10.054 [Test worker] DEBUG org.springframework.test.annotation.ProfileValueUtils - Retrieved ProfileValueSource type [class org.springframework.test.annotation.SystemProfileValueSource] for class [com.evisions.CodecovdemoApplicationTests]
08:16:10.055 [Test worker] DEBUG org.springframework.test.context.support.DependencyInjectionTestExecutionListener - Performing dependency injection for test context [[DefaultTestContext@55b3cd14 testClass = CodecovdemoApplicationTests, testInstance = com.evisions.CodecovdemoApplicationTests@891472a, testMethod = [null], testException = [null], mergedContextConfiguration = [MergedContextConfiguration@4cc9b9ab testClass = CodecovdemoApplicationTests, locations = '{}', classes = '{class com.evisions.CodecovdemoApplication}', contextInitializerClasses = '[]', activeProfiles = '{}', propertySourceLocations = '{}', propertySourceProperties = '{org.springframework.boot.test.context.SpringBootTestContextBootstrapper=true}', contextCustomizers = set[org.springframework.boot.test.context.SpringBootTestContextCustomizer@6d1738f, org.springframework.boot.test.context.filter.ExcludeFilterContextCustomizer@f5e063e, org.springframework.boot.test.json.DuplicateJsonObjectContextCustomizerFactory$DuplicateJsonObjectContextCustomizer@500a7af, org.springframework.boot.test.mock.mockito.MockitoContextCustomizer@0, org.springframework.boot.test.autoconfigure.properties.PropertyMappingContextCustomizer@0, org.springframework.boot.test.autoconfigure.web.servlet.WebDriverContextCustomizerFactory$Customizer@5a17f564], contextLoader = 'org.springframework.boot.test.context.SpringBootContextLoader', parent = [null]]]].
08:16:10.126 [Test worker] DEBUG org.springframework.core.env.StandardEnvironment - Adding [systemProperties] PropertySource with lowest search precedence
08:16:10.127 [Test worker] DEBUG org.springframework.core.env.StandardEnvironment - Adding [systemEnvironment] PropertySource with lowest search precedence
08:16:10.127 [Test worker] DEBUG org.springframework.core.env.StandardEnvironment - Initialized StandardEnvironment with PropertySources [systemProperties,systemEnvironment]
08:16:10.128 [Test worker] DEBUG org.springframework.core.env.MutablePropertySources - Adding [inline] PropertySource with highest search precedence
08:16:10.134 [Test worker] DEBUG org.springframework.test.context.support.TestPropertySourceUtils - Adding inlined properties to environment: {spring.jmx.enabled=false, org.springframework.boot.test.context.SpringBootTestContextBootstrapper=true, server.port=-1}
08:16:10.134 [Test worker] DEBUG org.springframework.core.env.StandardEnvironment - Adding [Inlined Test Properties] PropertySource with highest search precedence

  .   ____          _            __ _ _
 /\\ / ___'_ __ _ _(_)_ __  __ _ \ \ \ \
( ( )\___ | '_ | '_| | '_ \/ _` | \ \ \ \
 \\/  ___)| |_)| | | | | || (_| |  ) ) ) )
  '  |____| .__|_| |_|_| |_\__, | / / / /
 =========|_|==============|___/=/_/_/_/
 :: Spring Boot ::        (v1.5.4.RELEASE)

2017-07-10 08:16:10.427  INFO 43431 --- [    Test worker] c.evisions.CodecovdemoApplicationTests   : Starting CodecovdemoApplicationTests on SNA20662.local with PID 43431 (started by gabe.clark in /Users/gabe.clark/Practice/codecovdemo)
2017-07-10 08:16:10.428  INFO 43431 --- [    Test worker] c.evisions.CodecovdemoApplicationTests   : No active profile set, falling back to default profiles: default
2017-07-10 08:16:10.456  INFO 43431 --- [    Test worker] s.c.a.AnnotationConfigApplicationContext : Refreshing org.springframework.context.annotation.AnnotationConfigApplicationContext@304ec35a: startup date [Mon Jul 10 08:16:10 PDT 2017]; root of context hierarchy
2017-07-10 08:16:10.919  INFO 43431 --- [    Test worker] c.evisions.CodecovdemoApplicationTests   : Started CodecovdemoApplicationTests in 0.782 seconds (JVM running for 1.949)

  .   ____          _            __ _ _
 /\\ / ___'_ __ _ _(_)_ __  __ _ \ \ \ \
( ( )\___ | '_ | '_| | '_ \/ _` | \ \ \ \
 \\/  ___)| |_)| | | | | || (_| |  ) ) ) )
  '  |____| .__|_| |_|_| |_\__, | / / / /
 =========|_|==============|___/=/_/_/_/
 :: Spring Boot ::        (v1.5.4.RELEASE)

2017-07-10 08:16:10.973  INFO 43431 --- [    Test worker] com.evisions.CodecovdemoApplication      : Starting CodecovdemoApplication on SNA20662.local with PID 43431 (started by gabe.clark in /Users/gabe.clark/Practice/codecovdemo)
2017-07-10 08:16:10.973  INFO 43431 --- [    Test worker] com.evisions.CodecovdemoApplication      : No active profile set, falling back to default profiles: default
2017-07-10 08:16:10.975  INFO 43431 --- [    Test worker] s.c.a.AnnotationConfigApplicationContext : Refreshing org.springframework.context.annotation.AnnotationConfigApplicationContext@7160f954: startup date [Mon Jul 10 08:16:10 PDT 2017]; root of context hierarchy
2017-07-10 08:16:11.212  INFO 43431 --- [    Test worker] o.s.j.e.a.AnnotationMBeanExporter        : Registering beans for JMX exposure on startup
2017-07-10 08:16:11.218  INFO 43431 --- [    Test worker] com.evisions.CodecovdemoApplication      : Started CodecovdemoApplication in 0.268 seconds (JVM running for 2.248)
]]></system-out>
  <system-err><![CDATA[]]></system-err>
</testsuite>
