<?xml version="1.0" encoding="UTF-8"?>
<testsuite name="com.evisions.AdderTest" tests="2" skipped="0" failures="0" errors="0" timestamp="2017-07-10T16:27:38" hostname="SNA20662.local" time="0.01">
  <properties/>
  <testcase name="add_should_return_sum_given_two_doubles" classname="com.evisions.AdderTest" time="0.007"/>
  <testcase name="add_should_return_sum_given_two_integers" classname="com.evisions.AdderTest" time="0.002"/>
  <system-out><![CDATA[]]></system-out>
  <system-err><![CDATA[]]></system-err>
</testsuite>
