<?xml version="1.0" encoding="UTF-8"?>
<testsuite name="com.evisions.SubtractorTest" tests="1" skipped="0" failures="0" errors="0" timestamp="2017-07-10T16:27:41" hostname="SNA20662.local" time="0.0">
  <properties/>
  <testcase name="subtract_should_return_difference_given_two_integers" classname="com.evisions.SubtractorTest" time="0.0"/>
  <system-out><![CDATA[]]></system-out>
  <system-err><![CDATA[]]></system-err>
</testsuite>
