<?xml version="1.0" encoding="UTF-8"?>
<testsuite name="com.evisions.CodecovdemoApplicationTests" tests="1" skipped="0" failures="0" errors="0" timestamp="2017-07-07T22:03:40" hostname="SNA20662.local" time="0.316">
  <properties/>
  <testcase name="contextLoads" classname="com.evisions.CodecovdemoApplicationTests" time="0.316"/>
  <system-out><![CDATA[15:03:39.810 [Test worker] DEBUG org.springframework.test.context.junit4.SpringJUnit4ClassRunner - SpringJUnit4ClassRunner constructor called with [class com.evisions.CodecovdemoApplicationTests]
15:03:39.820 [Test worker] DEBUG org.springframework.test.context.BootstrapUtils - Instantiating CacheAwareContextLoaderDelegate from class [org.springframework.test.context.cache.DefaultCacheAwareContextLoaderDelegate]
15:03:39.830 [Test worker] DEBUG org.springframework.test.context.BootstrapUtils - Instantiating BootstrapContext using constructor [public org.springframework.test.context.support.DefaultBootstrapContext(java.lang.Class,org.springframework.test.context.CacheAwareContextLoaderDelegate)]
15:03:39.851 [Test worker] DEBUG org.springframework.test.context.BootstrapUtils - Instantiating TestContextBootstrapper for test class [com.evisions.CodecovdemoApplicationTests] from class [org.springframework.boot.test.context.SpringBootTestContextBootstrapper]
15:03:39.864 [Test worker] INFO org.springframework.boot.test.context.SpringBootTestContextBootstrapper - Neither @ContextConfiguration nor @ContextHierarchy found for test class [com.evisions.CodecovdemoApplicationTests], using SpringBootContextLoader
15:03:39.868 [Test worker] DEBUG org.springframework.test.context.support.AbstractContextLoader - Did not detect default resource location for test class [com.evisions.CodecovdemoApplicationTests]: class path resource [com/evisions/CodecovdemoApplicationTests-context.xml] does not exist
15:03:39.868 [Test worker] DEBUG org.springframework.test.context.support.AbstractContextLoader - Did not detect default resource location for test class [com.evisions.CodecovdemoApplicationTests]: class path resource [com/evisions/CodecovdemoApplicationTestsContext.groovy] does not exist
15:03:39.869 [Test worker] INFO org.springframework.test.context.support.AbstractContextLoader - Could not detect default resource locations for test class [com.evisions.CodecovdemoApplicationTests]: no resource found for suffixes {-context.xml, Context.groovy}.
15:03:39.870 [Test worker] INFO org.springframework.test.context.support.AnnotationConfigContextLoaderUtils - Could not detect default configuration classes for test class [com.evisions.CodecovdemoApplicationTests]: CodecovdemoApplicationTests does not declare any static, non-private, non-final, nested classes annotated with @Configuration.
15:03:39.907 [Test worker] DEBUG org.springframework.test.context.support.ActiveProfilesUtils - Could not find an 'annotation declaring class' for annotation type [org.springframework.test.context.ActiveProfiles] and class [com.evisions.CodecovdemoApplicationTests]
15:03:39.917 [Test worker] DEBUG org.springframework.core.env.StandardEnvironment - Adding [systemProperties] PropertySource with lowest search precedence
15:03:39.917 [Test worker] DEBUG org.springframework.core.env.StandardEnvironment - Adding [systemEnvironment] PropertySource with lowest search precedence
15:03:39.918 [Test worker] DEBUG org.springframework.core.env.StandardEnvironment - Initialized StandardEnvironment with PropertySources [systemProperties,systemEnvironment]
15:03:39.930 [Test worker] DEBUG org.springframework.core.io.support.PathMatchingResourcePatternResolver - Resolved classpath location [com/evisions/] to resources [URL [file:/Users/gabe.clark/Practice/codecovdemo/build/classes/test/com/evisions/], URL [file:/Users/gabe.clark/Practice/codecovdemo/build/classes/main/com/evisions/]]
15:03:39.931 [Test worker] DEBUG org.springframework.core.io.support.PathMatchingResourcePatternResolver - Looking for matching resources in directory tree [/Users/gabe.clark/Practice/codecovdemo/build/classes/test/com/evisions]
15:03:39.931 [Test worker] DEBUG org.springframework.core.io.support.PathMatchingResourcePatternResolver - Searching directory [/Users/gabe.clark/Practice/codecovdemo/build/classes/test/com/evisions] for files matching pattern [/Users/gabe.clark/Practice/codecovdemo/build/classes/test/com/evisions/*.class]
15:03:39.934 [Test worker] DEBUG org.springframework.core.io.support.PathMatchingResourcePatternResolver - Looking for matching resources in directory tree [/Users/gabe.clark/Practice/codecovdemo/build/classes/main/com/evisions]
15:03:39.934 [Test worker] DEBUG org.springframework.core.io.support.PathMatchingResourcePatternResolver - Searching directory [/Users/gabe.clark/Practice/codecovdemo/build/classes/main/com/evisions] for files matching pattern [/Users/gabe.clark/Practice/codecovdemo/build/classes/main/com/evisions/*.class]
15:03:39.935 [Test worker] DEBUG org.springframework.core.io.support.PathMatchingResourcePatternResolver - Resolved location pattern [classpath*:com/evisions/*.class] to resources [file [/Users/gabe.clark/Practice/codecovdemo/build/classes/test/com/evisions/AdderTest.class], file [/Users/gabe.clark/Practice/codecovdemo/build/classes/test/com/evisions/CodecovdemoApplicationTests.class], file [/Users/gabe.clark/Practice/codecovdemo/build/classes/test/com/evisions/SubtractorTest.class], file [/Users/gabe.clark/Practice/codecovdemo/build/classes/main/com/evisions/Adder.class], file [/Users/gabe.clark/Practice/codecovdemo/build/classes/main/com/evisions/CodecovdemoApplication.class], file [/Users/gabe.clark/Practice/codecovdemo/build/classes/main/com/evisions/Subtractor.class]]
15:03:39.992 [Test worker] DEBUG org.springframework.context.annotation.ClassPathScanningCandidateComponentProvider - Identified candidate component class: file [/Users/gabe.clark/Practice/codecovdemo/build/classes/main/com/evisions/CodecovdemoApplication.class]
15:03:39.993 [Test worker] INFO org.springframework.boot.test.context.SpringBootTestContextBootstrapper - Found @SpringBootConfiguration com.evisions.CodecovdemoApplication for test class com.evisions.CodecovdemoApplicationTests
15:03:39.996 [Test worker] DEBUG org.springframework.boot.test.context.SpringBootTestContextBootstrapper - @TestExecutionListeners is not present for class [com.evisions.CodecovdemoApplicationTests]: using defaults.
15:03:39.999 [Test worker] INFO org.springframework.boot.test.context.SpringBootTestContextBootstrapper - Loaded default TestExecutionListener class names from location [META-INF/spring.factories]: [org.springframework.boot.test.mock.mockito.MockitoTestExecutionListener, org.springframework.boot.test.mock.mockito.ResetMocksTestExecutionListener, org.springframework.boot.test.autoconfigure.restdocs.RestDocsTestExecutionListener, org.springframework.boot.test.autoconfigure.web.client.MockRestServiceServerResetTestExecutionListener, org.springframework.boot.test.autoconfigure.web.servlet.MockMvcPrintOnlyOnFailureTestExecutionListener, org.springframework.boot.test.autoconfigure.web.servlet.WebDriverTestExecutionListener, org.springframework.test.context.web.ServletTestExecutionListener, org.springframework.test.context.support.DirtiesContextBeforeModesTestExecutionListener, org.springframework.test.context.support.DependencyInjectionTestExecutionListener, org.springframework.test.context.support.DirtiesContextTestExecutionListener, org.springframework.test.context.transaction.TransactionalTestExecutionListener, org.springframework.test.context.jdbc.SqlScriptsTestExecutionListener]
15:03:40.013 [Test worker] INFO org.springframework.boot.test.context.SpringBootTestContextBootstrapper - Could not instantiate TestExecutionListener [org.springframework.test.context.jdbc.SqlScriptsTestExecutionListener]. Specify custom listener classes or make the default listener classes (and their required dependencies) available. Offending class: [org/springframework/transaction/interceptor/TransactionAttribute]
15:03:40.014 [Test worker] INFO org.springframework.boot.test.context.SpringBootTestContextBootstrapper - Could not instantiate TestExecutionListener [org.springframework.test.context.web.ServletTestExecutionListener]. Specify custom listener classes or make the default listener classes (and their required dependencies) available. Offending class: [javax/servlet/ServletContext]
15:03:40.015 [Test worker] INFO org.springframework.boot.test.context.SpringBootTestContextBootstrapper - Could not instantiate TestExecutionListener [org.springframework.test.context.transaction.TransactionalTestExecutionListener]. Specify custom listener classes or make the default listener classes (and their required dependencies) available. Offending class: [org/springframework/transaction/interceptor/TransactionAttributeSource]
15:03:40.016 [Test worker] INFO org.springframework.boot.test.context.SpringBootTestContextBootstrapper - Using TestExecutionListeners: [org.springframework.test.context.support.DirtiesContextBeforeModesTestExecutionListener@39d9ebbd, org.springframework.boot.test.autoconfigure.SpringBootDependencyInjectionTestExecutionListener@12d25357, org.springframework.test.context.support.DirtiesContextTestExecutionListener@51506593, org.springframework.boot.test.autoconfigure.web.servlet.MockMvcPrintOnlyOnFailureTestExecutionListener@7f3cafe4, org.springframework.boot.test.autoconfigure.restdocs.RestDocsTestExecutionListener@9ce37bd, org.springframework.boot.test.autoconfigure.web.servlet.WebDriverTestExecutionListener@9868538, org.springframework.boot.test.mock.mockito.MockitoTestExecutionListener@5ba81566, org.springframework.boot.test.mock.mockito.ResetMocksTestExecutionListener@41f1c278, org.springframework.boot.test.autoconfigure.web.client.MockRestServiceServerResetTestExecutionListener@397a7624]
15:03:40.018 [Test worker] DEBUG org.springframework.test.annotation.ProfileValueUtils - Retrieved @ProfileValueSourceConfiguration [null] for test class [com.evisions.CodecovdemoApplicationTests]
15:03:40.018 [Test worker] DEBUG org.springframework.test.annotation.ProfileValueUtils - Retrieved ProfileValueSource type [class org.springframework.test.annotation.SystemProfileValueSource] for class [com.evisions.CodecovdemoApplicationTests]
15:03:40.019 [Test worker] DEBUG org.springframework.test.annotation.ProfileValueUtils - Retrieved @ProfileValueSourceConfiguration [null] for test class [com.evisions.CodecovdemoApplicationTests]
15:03:40.019 [Test worker] DEBUG org.springframework.test.annotation.ProfileValueUtils - Retrieved ProfileValueSource type [class org.springframework.test.annotation.SystemProfileValueSource] for class [com.evisions.CodecovdemoApplicationTests]
15:03:40.023 [Test worker] DEBUG org.springframework.test.context.support.AbstractDirtiesContextTestExecutionListener - Before test class: context [DefaultTestContext@658aa211 testClass = CodecovdemoApplicationTests, testInstance = [null], testMethod = [null], testException = [null], mergedContextConfiguration = [MergedContextConfiguration@49d5f7f1 testClass = CodecovdemoApplicationTests, locations = '{}', classes = '{class com.evisions.CodecovdemoApplication}', contextInitializerClasses = '[]', activeProfiles = '{}', propertySourceLocations = '{}', propertySourceProperties = '{org.springframework.boot.test.context.SpringBootTestContextBootstrapper=true}', contextCustomizers = set[org.springframework.boot.test.context.SpringBootTestContextCustomizer@3c8af47, org.springframework.boot.test.context.filter.ExcludeFilterContextCustomizer@57f46a10, org.springframework.boot.test.json.DuplicateJsonObjectContextCustomizerFactory$DuplicateJsonObjectContextCustomizer@6e4fea4b, org.springframework.boot.test.mock.mockito.MockitoContextCustomizer@0, org.springframework.boot.test.autoconfigure.properties.PropertyMappingContextCustomizer@0, org.springframework.boot.test.autoconfigure.web.servlet.WebDriverContextCustomizerFactory$Customizer@7fbd4355], contextLoader = 'org.springframework.boot.test.context.SpringBootContextLoader', parent = [null]]], class annotated with @DirtiesContext [false] with mode [null].
15:03:40.023 [Test worker] DEBUG org.springframework.test.annotation.ProfileValueUtils - Retrieved @ProfileValueSourceConfiguration [null] for test class [com.evisions.CodecovdemoApplicationTests]
15:03:40.023 [Test worker] DEBUG org.springframework.test.annotation.ProfileValueUtils - Retrieved ProfileValueSource type [class org.springframework.test.annotation.SystemProfileValueSource] for class [com.evisions.CodecovdemoApplicationTests]
15:03:40.024 [Test worker] DEBUG org.springframework.test.context.support.DependencyInjectionTestExecutionListener - Performing dependency injection for test context [[DefaultTestContext@658aa211 testClass = CodecovdemoApplicationTests, testInstance = com.evisions.CodecovdemoApplicationTests@212a2fca, testMethod = [null], testException = [null], mergedContextConfiguration = [MergedContextConfiguration@49d5f7f1 testClass = CodecovdemoApplicationTests, locations = '{}', classes = '{class com.evisions.CodecovdemoApplication}', contextInitializerClasses = '[]', activeProfiles = '{}', propertySourceLocations = '{}', propertySourceProperties = '{org.springframework.boot.test.context.SpringBootTestContextBootstrapper=true}', contextCustomizers = set[org.springframework.boot.test.context.SpringBootTestContextCustomizer@3c8af47, org.springframework.boot.test.context.filter.ExcludeFilterContextCustomizer@57f46a10, org.springframework.boot.test.json.DuplicateJsonObjectContextCustomizerFactory$DuplicateJsonObjectContextCustomizer@6e4fea4b, org.springframework.boot.test.mock.mockito.MockitoContextCustomizer@0, org.springframework.boot.test.autoconfigure.properties.PropertyMappingContextCustomizer@0, org.springframework.boot.test.autoconfigure.web.servlet.WebDriverContextCustomizerFactory$Customizer@7fbd4355], contextLoader = 'org.springframework.boot.test.context.SpringBootContextLoader', parent = [null]]]].
15:03:40.096 [Test worker] DEBUG org.springframework.core.env.StandardEnvironment - Adding [systemProperties] PropertySource with lowest search precedence
15:03:40.096 [Test worker] DEBUG org.springframework.core.env.StandardEnvironment - Adding [systemEnvironment] PropertySource with lowest search precedence
15:03:40.096 [Test worker] DEBUG org.springframework.core.env.StandardEnvironment - Initialized StandardEnvironment with PropertySources [systemProperties,systemEnvironment]
15:03:40.098 [Test worker] DEBUG org.springframework.core.env.MutablePropertySources - Adding [inline] PropertySource with highest search precedence
15:03:40.103 [Test worker] DEBUG org.springframework.test.context.support.TestPropertySourceUtils - Adding inlined properties to environment: {spring.jmx.enabled=false, org.springframework.boot.test.context.SpringBootTestContextBootstrapper=true, server.port=-1}
15:03:40.104 [Test worker] DEBUG org.springframework.core.env.StandardEnvironment - Adding [Inlined Test Properties] PropertySource with highest search precedence

  .   ____          _            __ _ _
 /\\ / ___'_ __ _ _(_)_ __  __ _ \ \ \ \
( ( )\___ | '_ | '_| | '_ \/ _` | \ \ \ \
 \\/  ___)| |_)| | | | | || (_| |  ) ) ) )
  '  |____| .__|_| |_|_| |_\__, | / / / /
 =========|_|==============|___/=/_/_/_/
 :: Spring Boot ::        (v1.5.4.RELEASE)

2017-07-07 15:03:40.385  INFO 6809 --- [    Test worker] c.evisions.CodecovdemoApplicationTests   : Starting CodecovdemoApplicationTests on SNA20662.local with PID 6809 (started by gabe.clark in /Users/gabe.clark/Practice/codecovdemo)
2017-07-07 15:03:40.386  INFO 6809 --- [    Test worker] c.evisions.CodecovdemoApplicationTests   : No active profile set, falling back to default profiles: default
2017-07-07 15:03:40.412  INFO 6809 --- [    Test worker] s.c.a.AnnotationConfigApplicationContext : Refreshing org.springframework.context.annotation.AnnotationConfigApplicationContext@3ee5ee07: startup date [Fri Jul 07 15:03:40 PDT 2017]; root of context hierarchy
2017-07-07 15:03:40.860  INFO 6809 --- [    Test worker] c.evisions.CodecovdemoApplicationTests   : Started CodecovdemoApplicationTests in 0.754 seconds (JVM running for 1.928)

  .   ____          _            __ _ _
 /\\ / ___'_ __ _ _(_)_ __  __ _ \ \ \ \
( ( )\___ | '_ | '_| | '_ \/ _` | \ \ \ \
 \\/  ___)| |_)| | | | | || (_| |  ) ) ) )
  '  |____| .__|_| |_|_| |_\__, | / / / /
 =========|_|==============|___/=/_/_/_/
 :: Spring Boot ::        (v1.5.4.RELEASE)

2017-07-07 15:03:40.924  INFO 6809 --- [    Test worker] com.evisions.CodecovdemoApplication      : Starting CodecovdemoApplication on SNA20662.local with PID 6809 (started by gabe.clark in /Users/gabe.clark/Practice/codecovdemo)
2017-07-07 15:03:40.924  INFO 6809 --- [    Test worker] com.evisions.CodecovdemoApplication      : No active profile set, falling back to default profiles: default
2017-07-07 15:03:40.928  INFO 6809 --- [    Test worker] s.c.a.AnnotationConfigApplicationContext : Refreshing org.springframework.context.annotation.AnnotationConfigApplicationContext@23fa4ec0: startup date [Fri Jul 07 15:03:40 PDT 2017]; root of context hierarchy
2017-07-07 15:03:41.173  INFO 6809 --- [    Test worker] o.s.j.e.a.AnnotationMBeanExporter        : Registering beans for JMX exposure on startup
2017-07-07 15:03:41.178  INFO 6809 --- [    Test worker] com.evisions.CodecovdemoApplication      : Started CodecovdemoApplication in 0.284 seconds (JVM running for 2.246)
]]></system-out>
  <system-err><![CDATA[]]></system-err>
</testsuite>
